  Project1BTeam15.cpp
c:\program files (x86)\microsoft visual studio\2017\professional\vc\tools\msvc\14.11.25503\include\list(1534): error C2678: binary '==': no operator found which takes a left-hand operand of type 'Book' (or there is no acceptable conversion)
  c:\program files (x86)\microsoft visual studio\2017\professional\vc\tools\msvc\14.11.25503\include\system_error(372): note: could be 'bool std::operator ==(const std::error_condition &,const std::error_condition &) noexcept'
  c:\program files (x86)\microsoft visual studio\2017\professional\vc\tools\msvc\14.11.25503\include\system_error(366): note: or       'bool std::operator ==(const std::error_condition &,const std::error_code &) noexcept'
  c:\program files (x86)\microsoft visual studio\2017\professional\vc\tools\msvc\14.11.25503\include\system_error(360): note: or       'bool std::operator ==(const std::error_code &,const std::error_condition &) noexcept'
  c:\program files (x86)\microsoft visual studio\2017\professional\vc\tools\msvc\14.11.25503\include\system_error(354): note: or       'bool std::operator ==(const std::error_code &,const std::error_code &) noexcept'
  c:\program files (x86)\microsoft visual studio\2017\professional\vc\tools\msvc\14.11.25503\include\exception(342): note: or       'bool std::operator ==(const std::exception_ptr &,std::nullptr_t) throw()'
  c:\program files (x86)\microsoft visual studio\2017\professional\vc\tools\msvc\14.11.25503\include\exception(337): note: or       'bool std::operator ==(std::nullptr_t,const std::exception_ptr &) throw()'
  c:\program files (x86)\microsoft visual studio\2017\professional\vc\tools\msvc\14.11.25503\include\exception(332): note: or       'bool std::operator ==(const std::exception_ptr &,const std::exception_ptr &) throw()'
  c:\program files (x86)\microsoft visual studio\2017\professional\vc\tools\msvc\14.11.25503\include\list(1534): note: while trying to match the argument list '(Book, const Book)'
  c:\program files (x86)\microsoft visual studio\2017\professional\vc\tools\msvc\14.11.25503\include\list(1530): note: while compiling class template member function 'void std::list<Book,std::allocator<_Ty>>::remove(const _Ty &)'
          with
          [
              _Ty=Book
          ]
  c:\users\tklinkenberg\desktop\school\data structures programs\project1\project1bteam15\library.h(93): note: see reference to function template instantiation 'void std::list<Book,std::allocator<_Ty>>::remove(const _Ty &)' being compiled
          with
          [
              _Ty=Book
          ]
  c:\users\tklinkenberg\desktop\school\data structures programs\project1\project1bteam15\library.h(12): note: see reference to class template instantiation 'std::list<Book,std::allocator<_Ty>>' being compiled
          with
          [
              _Ty=Book
          ]
